<?xml version="1.0" encoding="UTF-8"?>
<!-- Generated by org.testng.reporters.JUnitXMLReporter -->
<testsuite ignored="0" hostname="DESKTOP-LER94VG" failures="0" tests="6" name="Default test" time="25.42" errors="0" timestamp="2024-07-05T16:13:36 EEST">
  <testcase classname="InstabugTests.InvalidLogins" name="EmptyUsernameValidPassword" time="5.987"/>
  <testcase classname="InstabugTests.InvalidLogins" name="InvalidUsernameValidPassword" time="3.948"/>
  <testcase classname="InstabugTests.InvalidLogins" name="PasswordEqualsValidUsername" time="3.415"/>
  <testcase classname="InstabugTests.InvalidLogins" name="UsernameEqualsValidPassword" time="4.029"/>
  <testcase classname="InstabugTests.InvalidLogins" name="ValidUsernameEmptyPassword" time="4.049"/>
  <testcase classname="InstabugTests.InvalidLogins" name="ValidUsernameInvalidPassword" time="3.916"/>
</testsuite> <!-- Default test -->
