<?xml version="1.0" encoding="UTF-8"?>
<testng-results ignored="0" total="6" passed="6" failed="0" skipped="0">
  <reporter-output>
  </reporter-output>
  <suite started-at="2024-07-05T16:13:10 EEST" name="Default suite" finished-at="2024-07-05T16:13:36 EEST" duration-ms="25420">
    <groups>
    </groups>
    <test started-at="2024-07-05T16:13:10 EEST" name="Default test" finished-at="2024-07-05T16:13:36 EEST" duration-ms="25420">
      <class name="InstabugTests.InvalidLogins">
        <test-method signature="EmptyUsernameValidPassword()[pri:0, instance:InstabugTests.InvalidLogins@7133da86]" started-at="2024-07-05T16:13:11 EEST" name="EmptyUsernameValidPassword" finished-at="2024-07-05T16:13:17 EEST" duration-ms="5987" status="PASS">
          <reporter-output>
          </reporter-output>
        </test-method> <!-- EmptyUsernameValidPassword -->
        <test-method signature="InvalidUsernameValidPassword()[pri:0, instance:InstabugTests.InvalidLogins@7133da86]" started-at="2024-07-05T16:13:17 EEST" name="InvalidUsernameValidPassword" finished-at="2024-07-05T16:13:20 EEST" duration-ms="3948" status="PASS">
          <reporter-output>
          </reporter-output>
        </test-method> <!-- InvalidUsernameValidPassword -->
        <test-method signature="PasswordEqualsValidUsername()[pri:0, instance:InstabugTests.InvalidLogins@7133da86]" started-at="2024-07-05T16:13:20 EEST" name="PasswordEqualsValidUsername" finished-at="2024-07-05T16:13:24 EEST" duration-ms="3415" status="PASS">
          <reporter-output>
          </reporter-output>
        </test-method> <!-- PasswordEqualsValidUsername -->
        <test-method signature="UsernameEqualsValidPassword()[pri:0, instance:InstabugTests.InvalidLogins@7133da86]" started-at="2024-07-05T16:13:24 EEST" name="UsernameEqualsValidPassword" finished-at="2024-07-05T16:13:28 EEST" duration-ms="4029" status="PASS">
          <reporter-output>
          </reporter-output>
        </test-method> <!-- UsernameEqualsValidPassword -->
        <test-method signature="ValidUsernameEmptyPassword()[pri:0, instance:InstabugTests.InvalidLogins@7133da86]" started-at="2024-07-05T16:13:28 EEST" name="ValidUsernameEmptyPassword" finished-at="2024-07-05T16:13:32 EEST" duration-ms="4049" status="PASS">
          <reporter-output>
          </reporter-output>
        </test-method> <!-- ValidUsernameEmptyPassword -->
        <test-method signature="ValidUsernameInvalidPassword()[pri:0, instance:InstabugTests.InvalidLogins@7133da86]" started-at="2024-07-05T16:13:32 EEST" name="ValidUsernameInvalidPassword" finished-at="2024-07-05T16:13:36 EEST" duration-ms="3916" status="PASS">
          <reporter-output>
          </reporter-output>
        </test-method> <!-- ValidUsernameInvalidPassword -->
      </class> <!-- InstabugTests.InvalidLogins -->
    </test> <!-- Default test -->
  </suite> <!-- Default suite -->
</testng-results>
